<?xml version="1.0" encoding="UTF-8"?>
<testng-results ignored="0" total="2" passed="1" failed="1" skipped="0">
  <reporter-output>
  </reporter-output>
  <suite started-at="2023-07-05T21:10:54 IST" name="Default suite" finished-at="2023-07-05T21:11:26 IST" duration-ms="32323">
    <groups>
    </groups>
    <test started-at="2023-07-05T21:10:54 IST" name="Default test" finished-at="2023-07-05T21:11:26 IST" duration-ms="32323">
      <class name="dataProvidersUse.ValidateUserNameUsingDataProviderTest">
        <test-method is-config="true" signature="loginToPolicyBazaar()[pri:0, instance:dataProvidersUse.ValidateUserNameUsingDataProviderTest@72cc7e6f]" started-at="2023-07-05T21:10:54 IST" name="loginToPolicyBazaar" finished-at="2023-07-05T21:11:00 IST" duration-ms="6488" status="PASS">
          <reporter-output>
          </reporter-output>
        </test-method> <!-- loginToPolicyBazaar -->
        <test-method signature="verifyUserName(java.lang.String,java.lang.String,java.lang.String)[pri:0, instance:dataProvidersUse.ValidateUserNameUsingDataProviderTest@72cc7e6f]" started-at="2023-07-05T21:11:00 IST" name="verifyUserName" data-provider="policyBazaarData" finished-at="2023-07-05T21:11:10 IST" duration-ms="9549" status="PASS">
          <params>
            <param index="0">
              <value>
                <![CDATA[9623153925]]>
              </value>
            </param>
            <param index="1">
              <value>
                <![CDATA[raju@2811]]>
              </value>
            </param>
            <param index="2">
              <value>
                <![CDATA[Rajashri Kadam]]>
              </value>
            </param>
          </params>
          <reporter-output>
          </reporter-output>
        </test-method> <!-- verifyUserName -->
        <test-method is-config="true" signature="logoutFromPolicyBzar()[pri:0, instance:dataProvidersUse.ValidateUserNameUsingDataProviderTest@72cc7e6f]" started-at="2023-07-05T21:11:10 IST" name="logoutFromPolicyBzar" finished-at="2023-07-05T21:11:12 IST" duration-ms="1676" status="PASS">
          <reporter-output>
          </reporter-output>
        </test-method> <!-- logoutFromPolicyBzar -->
        <test-method is-config="true" signature="loginToPolicyBazaar()[pri:0, instance:dataProvidersUse.ValidateUserNameUsingDataProviderTest@72cc7e6f]" started-at="2023-07-05T21:11:12 IST" name="loginToPolicyBazaar" finished-at="2023-07-05T21:11:16 IST" duration-ms="4658" status="PASS">
          <reporter-output>
          </reporter-output>
        </test-method> <!-- loginToPolicyBazaar -->
        <test-method signature="verifyUserName(java.lang.String,java.lang.String,java.lang.String)[pri:0, instance:dataProvidersUse.ValidateUserNameUsingDataProviderTest@72cc7e6f]" started-at="2023-07-05T21:11:16 IST" name="verifyUserName" data-provider="policyBazaarData" finished-at="2023-07-05T21:11:25 IST" duration-ms="8257" status="FAIL">
          <params>
            <param index="0">
              <value>
                <![CDATA[9405888174]]>
              </value>
            </param>
            <param index="1">
              <value>
                <![CDATA[pallu12345]]>
              </value>
            </param>
            <param index="2">
              <value>
                <![CDATA[Pallavi Chaudhari]]>
              </value>
            </param>
          </params>
          <exception class="java.lang.AssertionError">
            <message>
              <![CDATA[TC failed both are not match expected [Pallavi Chaudhari] but found [Rajashri Kadam]]]>
            </message>
            <full-stacktrace>
              <![CDATA[java.lang.AssertionError: TC failed both are not match expected [Pallavi Chaudhari] but found [Rajashri Kadam]
at org.testng.Assert.fail(Assert.java:111)
at org.testng.Assert.failNotEquals(Assert.java:1578)
at org.testng.Assert.assertEqualsImpl(Assert.java:150)
at org.testng.Assert.assertEquals(Assert.java:132)
at org.testng.Assert.assertEquals(Assert.java:656)
at dataProvidersUse.ValidateUserNameUsingDataProviderTest.verifyUserName(ValidateUserNameUsingDataProviderTest.java:57)
at java.base/jdk.internal.reflect.NativeMethodAccessorImpl.invoke0(Native Method)
at java.base/jdk.internal.reflect.NativeMethodAccessorImpl.invoke(NativeMethodAccessorImpl.java:77)
at java.base/jdk.internal.reflect.DelegatingMethodAccessorImpl.invoke(DelegatingMethodAccessorImpl.java:43)
at java.base/java.lang.reflect.Method.invoke(Method.java:568)
at org.testng.internal.invokers.MethodInvocationHelper.invokeMethod(MethodInvocationHelper.java:139)
at org.testng.internal.invokers.TestInvoker.invokeMethod(TestInvoker.java:664)
at org.testng.internal.invokers.TestInvoker.invokeTestMethod(TestInvoker.java:227)
at org.testng.internal.invokers.MethodRunner.runInSequence(MethodRunner.java:50)
at org.testng.internal.invokers.TestInvoker$MethodInvocationAgent.invoke(TestInvoker.java:957)
at org.testng.internal.invokers.TestInvoker.invokeTestMethods(TestInvoker.java:200)
at org.testng.internal.invokers.TestMethodWorker.invokeTestMethods(TestMethodWorker.java:148)
at org.testng.internal.invokers.TestMethodWorker.run(TestMethodWorker.java:128)
at java.base/java.util.ArrayList.forEach(ArrayList.java:1511)
at org.testng.TestRunner.privateRun(TestRunner.java:848)
at org.testng.TestRunner.run(TestRunner.java:621)
at org.testng.SuiteRunner.runTest(SuiteRunner.java:443)
at org.testng.SuiteRunner.runSequentially(SuiteRunner.java:437)
at org.testng.SuiteRunner.privateRun(SuiteRunner.java:397)
at org.testng.SuiteRunner.run(SuiteRunner.java:336)
at org.testng.SuiteRunnerWorker.runSuite(SuiteRunnerWorker.java:52)
at org.testng.SuiteRunnerWorker.run(SuiteRunnerWorker.java:95)
at org.testng.TestNG.runSuitesSequentially(TestNG.java:1280)
at org.testng.TestNG.runSuitesLocally(TestNG.java:1200)
at org.testng.TestNG.runSuites(TestNG.java:1114)
at org.testng.TestNG.run(TestNG.java:1082)
at org.testng.remote.AbstractRemoteTestNG.run(AbstractRemoteTestNG.java:115)
at org.testng.remote.RemoteTestNG.initAndRun(RemoteTestNG.java:251)
at org.testng.remote.RemoteTestNG.main(RemoteTestNG.java:77)
]]>
            </full-stacktrace>
          </exception> <!-- java.lang.AssertionError -->
          <reporter-output>
          </reporter-output>
        </test-method> <!-- verifyUserName -->
        <test-method is-config="true" signature="logoutFromPolicyBzar()[pri:0, instance:dataProvidersUse.ValidateUserNameUsingDataProviderTest@72cc7e6f]" started-at="2023-07-05T21:11:25 IST" name="logoutFromPolicyBzar" finished-at="2023-07-05T21:11:26 IST" duration-ms="1604" status="PASS">
          <reporter-output>
          </reporter-output>
        </test-method> <!-- logoutFromPolicyBzar -->
      </class> <!-- dataProvidersUse.ValidateUserNameUsingDataProviderTest -->
    </test> <!-- Default test -->
  </suite> <!-- Default suite -->
</testng-results>
